<?xml version="1.0" encoding="UTF-8"?>
<!-- Generated by org.testng.reporters.JUnitReportReporter -->
<testsuite hostname="saif" failures="0" tests="1" name="testcases.LoginPageTest" time="8.484" errors="0" timestamp="2022-07-05T18:14:04 IST" skipped="0">
  <testcase classname="testcases.LoginPageTest" name="LoginPageGetTitle" time="8.484"/>
  <system-out/>
</testsuite> <!-- testcases.LoginPageTest -->
